2024-09-17 10:53:47 INFO  Log:19 - url entered in browser
2024-09-17 10:53:54 INFO  Log:11 - --------validateInvalidFileType TEST START----------
2024-09-17 10:53:54 INFO  Log:19 - User entering credentials to login
2024-09-17 10:53:58 INFO  Log:19 - User Navigating on PIM page
2024-09-17 10:54:05 INFO  Log:19 - Uploading employee profile photo
2024-09-17 10:54:11 INFO  Log:19 - Validating photo type
2024-09-17 10:54:22 INFO  Log:19 - Browser is clossing
2024-09-17 11:04:16 INFO  Log:19 - url entered in browser
2024-09-17 11:04:22 INFO  Log:19 - validateLargeFileValidation
2024-09-17 11:04:22 INFO  Log:19 - User entering credentials to login
2024-09-17 11:04:27 INFO  Log:19 - User Navigating on PIM page
2024-09-17 11:04:34 INFO  Log:19 - Uploading employee profile photo
2024-09-17 11:04:37 INFO  Log:19 - Browser is clossing
2024-09-17 11:11:04 INFO  Log:19 - url entered in browser
2024-09-17 11:11:09 INFO  Log:19 - validateLargeFileValidation
2024-09-17 11:11:09 INFO  Log:19 - User entering credentials to login
2024-09-17 11:11:11 INFO  Log:19 - User Navigating on PIM page
2024-09-17 11:11:19 INFO  Log:19 - Uploading employee profile photo
2024-09-17 11:11:23 INFO  Log:19 - Browser is clossing
2024-09-17 11:23:38 INFO  Log:19 - url entered in browser
2024-09-17 11:23:46 INFO  Log:19 - validateLargeFileValidation
2024-09-17 11:23:46 INFO  Log:19 - User entering credentials to login
2024-09-17 11:23:50 INFO  Log:19 - User Navigating on PIM page
2024-09-17 11:23:56 INFO  Log:19 - Uploading employee profile photo
2024-09-17 11:24:00 INFO  Log:19 - Browser is clossing
2024-09-17 11:34:09 INFO  Log:19 - url entered in browser
2024-09-17 11:34:15 INFO  Log:19 - validateLargeFileValidation
2024-09-17 11:34:15 INFO  Log:19 - User entering credentials to login
2024-09-17 11:34:19 INFO  Log:19 - User Navigating on PIM page
2024-09-17 11:34:25 INFO  Log:19 - Uploading employee profile photo
2024-09-17 11:34:28 INFO  Log:19 - Browser is clossing
2024-09-17 11:37:31 INFO  Log:19 - url entered in browser
2024-09-17 11:37:37 INFO  Log:19 - validateLargeFileValidation
2024-09-17 11:37:37 INFO  Log:19 - User entering credentials to login
2024-09-17 11:37:41 INFO  Log:19 - User Navigating on PIM page
2024-09-17 11:37:47 INFO  Log:19 - Uploading employee profile photo
2024-09-17 11:37:50 INFO  Log:19 - Browser is clossing
2024-09-17 11:40:50 INFO  Log:19 - url entered in browser
2024-09-17 11:40:57 INFO  Log:19 - validateLargeFileValidation
2024-09-17 11:40:57 INFO  Log:19 - User entering credentials to login
2024-09-17 11:41:02 INFO  Log:19 - User Navigating on PIM page
2024-09-17 11:41:09 INFO  Log:19 - Uploading employee profile photo
2024-09-17 11:41:13 INFO  Log:19 - Browser is clossing
2024-09-17 11:51:20 INFO  Log:19 - url entered in browser
2024-09-17 11:53:07 INFO  Log:19 - url entered in browser
2024-09-17 11:55:56 INFO  Log:19 - url entered in browser
2024-09-17 11:59:50 INFO  Log:19 - url entered in browser
2024-09-17 11:59:58 INFO  Log:19 - validateLargeFileValidation
2024-09-17 11:59:58 INFO  Log:19 - User entering credentials to login
2024-09-17 12:00:02 INFO  Log:19 - User Navigating on PIM page
2024-09-17 12:00:11 INFO  Log:19 - Uploading employee profile photo
2024-09-17 12:00:14 INFO  Log:19 - Browser is clossing
2024-09-17 12:05:15 INFO  Log:19 - url entered in browser
2024-09-17 12:05:25 INFO  Log:19 - validateLargeFileValidation
2024-09-17 12:05:25 INFO  Log:19 - User entering credentials to login
2024-09-17 12:05:30 INFO  Log:19 - User Navigating on PIM page
2024-09-17 12:05:38 INFO  Log:19 - Uploading employee profile photo
2024-09-17 12:05:41 INFO  Log:19 - Browser is clossing
2024-09-17 12:11:16 INFO  Log:19 - url entered in browser
2024-09-17 12:11:23 INFO  Log:19 - validateLargeFileValidation
2024-09-17 12:11:23 INFO  Log:19 - User entering credentials to login
2024-09-17 12:11:25 INFO  Log:19 - User Navigating on PIM page
2024-09-17 12:11:34 INFO  Log:19 - Uploading employee profile photo
2024-09-17 12:11:37 INFO  Log:19 - Browser is clossing
2024-09-17 12:19:56 INFO  Log:19 - url entered in browser
2024-09-17 12:24:48 INFO  Log:19 - url entered in browser
2024-09-17 17:44:24 INFO  Log:19 - url entered in browser
2024-09-17 17:56:49 INFO  Log:19 - url entered in browser
2024-09-17 18:57:56 DEBUG PackageRelationshipCollection:309 - Parsing relationship: /xl/_rels/workbook.xml.rels
2024-09-17 18:57:56 DEBUG PackageRelationshipCollection:309 - Parsing relationship: /xl/worksheets/_rels/sheet1.xml.rels
2024-09-17 18:57:56 DEBUG PackageRelationshipCollection:309 - Parsing relationship: /xl/worksheets/_rels/sheet2.xml.rels
2024-09-17 18:57:56 DEBUG PackageRelationshipCollection:309 - Parsing relationship: /_rels/.rels
2024-09-17 18:57:57 DEBUG POIXMLFactory:65 - using default POIXMLDocumentPart for http://schemas.openxmlformats.org/officeDocument/2006/relationships/printerSettings
2024-09-17 18:57:57 DEBUG POIXMLFactory:65 - using default POIXMLDocumentPart for http://schemas.openxmlformats.org/officeDocument/2006/relationships/printerSettings
2024-09-17 18:57:58 DEBUG PackageRelationshipCollection:309 - Parsing relationship: /xl/_rels/workbook.xml.rels
2024-09-17 18:57:58 DEBUG PackageRelationshipCollection:309 - Parsing relationship: /xl/worksheets/_rels/sheet1.xml.rels
2024-09-17 18:57:58 DEBUG PackageRelationshipCollection:309 - Parsing relationship: /xl/worksheets/_rels/sheet2.xml.rels
2024-09-17 18:57:58 DEBUG PackageRelationshipCollection:309 - Parsing relationship: /_rels/.rels
2024-09-17 18:57:58 DEBUG POIXMLFactory:65 - using default POIXMLDocumentPart for http://schemas.openxmlformats.org/officeDocument/2006/relationships/printerSettings
2024-09-17 18:57:58 DEBUG POIXMLFactory:65 - using default POIXMLDocumentPart for http://schemas.openxmlformats.org/officeDocument/2006/relationships/printerSettings
2024-09-17 18:57:58 DEBUG PackageRelationshipCollection:309 - Parsing relationship: /xl/_rels/workbook.xml.rels
2024-09-17 18:57:58 DEBUG PackageRelationshipCollection:309 - Parsing relationship: /xl/worksheets/_rels/sheet1.xml.rels
2024-09-17 18:57:58 DEBUG PackageRelationshipCollection:309 - Parsing relationship: /xl/worksheets/_rels/sheet2.xml.rels
2024-09-17 18:57:58 DEBUG PackageRelationshipCollection:309 - Parsing relationship: /_rels/.rels
2024-09-17 18:57:58 DEBUG POIXMLFactory:65 - using default POIXMLDocumentPart for http://schemas.openxmlformats.org/officeDocument/2006/relationships/printerSettings
2024-09-17 18:57:58 DEBUG POIXMLFactory:65 - using default POIXMLDocumentPart for http://schemas.openxmlformats.org/officeDocument/2006/relationships/printerSettings
2024-09-17 18:57:58 DEBUG PackageRelationshipCollection:309 - Parsing relationship: /xl/_rels/workbook.xml.rels
2024-09-17 18:57:58 DEBUG PackageRelationshipCollection:309 - Parsing relationship: /xl/worksheets/_rels/sheet1.xml.rels
2024-09-17 18:57:58 DEBUG PackageRelationshipCollection:309 - Parsing relationship: /xl/worksheets/_rels/sheet2.xml.rels
2024-09-17 18:57:58 DEBUG PackageRelationshipCollection:309 - Parsing relationship: /_rels/.rels
2024-09-17 18:57:58 DEBUG POIXMLFactory:65 - using default POIXMLDocumentPart for http://schemas.openxmlformats.org/officeDocument/2006/relationships/printerSettings
2024-09-17 18:57:58 DEBUG POIXMLFactory:65 - using default POIXMLDocumentPart for http://schemas.openxmlformats.org/officeDocument/2006/relationships/printerSettings
2024-09-17 18:57:58 DEBUG PackageRelationshipCollection:309 - Parsing relationship: /xl/_rels/workbook.xml.rels
2024-09-17 18:57:58 DEBUG PackageRelationshipCollection:309 - Parsing relationship: /xl/worksheets/_rels/sheet1.xml.rels
2024-09-17 18:57:58 DEBUG PackageRelationshipCollection:309 - Parsing relationship: /xl/worksheets/_rels/sheet2.xml.rels
2024-09-17 18:57:58 DEBUG PackageRelationshipCollection:309 - Parsing relationship: /_rels/.rels
2024-09-17 18:57:58 DEBUG POIXMLFactory:65 - using default POIXMLDocumentPart for http://schemas.openxmlformats.org/officeDocument/2006/relationships/printerSettings
2024-09-17 18:57:58 DEBUG POIXMLFactory:65 - using default POIXMLDocumentPart for http://schemas.openxmlformats.org/officeDocument/2006/relationships/printerSettings
2024-09-17 18:57:59 DEBUG PackageRelationshipCollection:309 - Parsing relationship: /xl/_rels/workbook.xml.rels
2024-09-17 18:57:59 DEBUG PackageRelationshipCollection:309 - Parsing relationship: /xl/worksheets/_rels/sheet1.xml.rels
2024-09-17 18:57:59 DEBUG PackageRelationshipCollection:309 - Parsing relationship: /xl/worksheets/_rels/sheet2.xml.rels
2024-09-17 18:57:59 DEBUG PackageRelationshipCollection:309 - Parsing relationship: /_rels/.rels
2024-09-17 18:57:59 DEBUG POIXMLFactory:65 - using default POIXMLDocumentPart for http://schemas.openxmlformats.org/officeDocument/2006/relationships/printerSettings
2024-09-17 18:57:59 DEBUG POIXMLFactory:65 - using default POIXMLDocumentPart for http://schemas.openxmlformats.org/officeDocument/2006/relationships/printerSettings
2024-09-17 18:57:59 DEBUG PackageRelationshipCollection:309 - Parsing relationship: /xl/_rels/workbook.xml.rels
2024-09-17 18:57:59 DEBUG PackageRelationshipCollection:309 - Parsing relationship: /xl/worksheets/_rels/sheet1.xml.rels
2024-09-17 18:57:59 DEBUG PackageRelationshipCollection:309 - Parsing relationship: /xl/worksheets/_rels/sheet2.xml.rels
2024-09-17 18:57:59 DEBUG PackageRelationshipCollection:309 - Parsing relationship: /_rels/.rels
2024-09-17 18:57:59 DEBUG POIXMLFactory:65 - using default POIXMLDocumentPart for http://schemas.openxmlformats.org/officeDocument/2006/relationships/printerSettings
2024-09-17 18:57:59 DEBUG POIXMLFactory:65 - using default POIXMLDocumentPart for http://schemas.openxmlformats.org/officeDocument/2006/relationships/printerSettings
2024-09-17 18:57:59 DEBUG PackageRelationshipCollection:309 - Parsing relationship: /xl/_rels/workbook.xml.rels
2024-09-17 18:57:59 DEBUG PackageRelationshipCollection:309 - Parsing relationship: /xl/worksheets/_rels/sheet1.xml.rels
2024-09-17 18:57:59 DEBUG PackageRelationshipCollection:309 - Parsing relationship: /xl/worksheets/_rels/sheet2.xml.rels
2024-09-17 18:57:59 DEBUG PackageRelationshipCollection:309 - Parsing relationship: /_rels/.rels
2024-09-17 18:57:59 DEBUG POIXMLFactory:65 - using default POIXMLDocumentPart for http://schemas.openxmlformats.org/officeDocument/2006/relationships/printerSettings
2024-09-17 18:57:59 DEBUG POIXMLFactory:65 - using default POIXMLDocumentPart for http://schemas.openxmlformats.org/officeDocument/2006/relationships/printerSettings
2024-09-17 18:58:07 INFO  Log:19 - url entered in browser
2024-09-17 18:58:16 INFO  Log:11 - --------verifyLogin TEST START----------
2024-09-17 18:58:19 INFO  Log:19 - User is entering login credentials
2024-09-17 18:58:23 INFO  Log:19 - System get current URL
2024-09-17 18:58:23 INFO  Log:19 - System compare expected and actual URL
2024-09-17 18:58:23 INFO  Log:15 - ----------verifyLogin TEST END --------------
2024-09-17 18:58:23 INFO  Log:19 - Browser is clossing
2024-09-17 18:58:27 INFO  Log:19 - url entered in browser
2024-09-17 18:58:32 INFO  Log:11 - --------verifyLogin TEST START----------
2024-09-17 18:58:36 INFO  Log:19 - User is entering login credentials
2024-09-17 18:58:38 INFO  Log:19 - System get current URL
2024-09-17 18:58:38 INFO  Log:19 - System compare expected and actual URL
2024-09-17 18:58:38 ERROR Log:27 - Error occured in executionjava.lang.AssertionError: expected [https://opensource-demo.orangehrmlive.com/web/index.php/dashboard/index] but found [https://opensource-demo.orangehrmlive.com/web/index.php/auth/login]
2024-09-17 18:58:38 INFO  Log:15 - ----------verifyLogin TEST END --------------
2024-09-17 18:58:38 INFO  Log:19 - Browser is clossing
2024-09-17 18:58:43 INFO  Log:19 - url entered in browser
2024-09-17 18:58:50 INFO  Log:11 - --------verifyLogin TEST START----------
2024-09-17 18:58:53 INFO  Log:19 - User is entering login credentials
2024-09-17 18:58:54 INFO  Log:19 - System get current URL
2024-09-17 18:58:54 INFO  Log:19 - System compare expected and actual URL
2024-09-17 18:58:54 ERROR Log:27 - Error occured in executionjava.lang.AssertionError: expected [https://opensource-demo.orangehrmlive.com/web/index.php/dashboard/index] but found [https://opensource-demo.orangehrmlive.com/web/index.php/auth/login]
2024-09-17 18:58:54 INFO  Log:15 - ----------verifyLogin TEST END --------------
2024-09-17 18:58:54 INFO  Log:19 - Browser is clossing
2024-09-17 19:06:07 DEBUG PackageRelationshipCollection:309 - Parsing relationship: /xl/_rels/workbook.xml.rels
2024-09-17 19:06:07 DEBUG PackageRelationshipCollection:309 - Parsing relationship: /xl/worksheets/_rels/sheet1.xml.rels
2024-09-17 19:06:07 DEBUG PackageRelationshipCollection:309 - Parsing relationship: /xl/worksheets/_rels/sheet2.xml.rels
2024-09-17 19:06:07 DEBUG PackageRelationshipCollection:309 - Parsing relationship: /_rels/.rels
2024-09-17 19:06:09 DEBUG POIXMLFactory:65 - using default POIXMLDocumentPart for http://schemas.openxmlformats.org/officeDocument/2006/relationships/printerSettings
2024-09-17 19:06:09 DEBUG POIXMLFactory:65 - using default POIXMLDocumentPart for http://schemas.openxmlformats.org/officeDocument/2006/relationships/printerSettings
2024-09-17 19:06:09 DEBUG PackageRelationshipCollection:309 - Parsing relationship: /xl/_rels/workbook.xml.rels
2024-09-17 19:06:09 DEBUG PackageRelationshipCollection:309 - Parsing relationship: /xl/worksheets/_rels/sheet1.xml.rels
2024-09-17 19:06:09 DEBUG PackageRelationshipCollection:309 - Parsing relationship: /xl/worksheets/_rels/sheet2.xml.rels
2024-09-17 19:06:09 DEBUG PackageRelationshipCollection:309 - Parsing relationship: /_rels/.rels
2024-09-17 19:06:09 DEBUG POIXMLFactory:65 - using default POIXMLDocumentPart for http://schemas.openxmlformats.org/officeDocument/2006/relationships/printerSettings
2024-09-17 19:06:09 DEBUG POIXMLFactory:65 - using default POIXMLDocumentPart for http://schemas.openxmlformats.org/officeDocument/2006/relationships/printerSettings
2024-09-17 19:06:09 DEBUG PackageRelationshipCollection:309 - Parsing relationship: /xl/_rels/workbook.xml.rels
2024-09-17 19:06:09 DEBUG PackageRelationshipCollection:309 - Parsing relationship: /xl/worksheets/_rels/sheet1.xml.rels
2024-09-17 19:06:09 DEBUG PackageRelationshipCollection:309 - Parsing relationship: /xl/worksheets/_rels/sheet2.xml.rels
2024-09-17 19:06:09 DEBUG PackageRelationshipCollection:309 - Parsing relationship: /_rels/.rels
2024-09-17 19:06:09 DEBUG POIXMLFactory:65 - using default POIXMLDocumentPart for http://schemas.openxmlformats.org/officeDocument/2006/relationships/printerSettings
2024-09-17 19:06:09 DEBUG POIXMLFactory:65 - using default POIXMLDocumentPart for http://schemas.openxmlformats.org/officeDocument/2006/relationships/printerSettings
2024-09-17 19:06:09 DEBUG PackageRelationshipCollection:309 - Parsing relationship: /xl/_rels/workbook.xml.rels
2024-09-17 19:06:09 DEBUG PackageRelationshipCollection:309 - Parsing relationship: /xl/worksheets/_rels/sheet1.xml.rels
2024-09-17 19:06:09 DEBUG PackageRelationshipCollection:309 - Parsing relationship: /xl/worksheets/_rels/sheet2.xml.rels
2024-09-17 19:06:09 DEBUG PackageRelationshipCollection:309 - Parsing relationship: /_rels/.rels
2024-09-17 19:06:09 DEBUG POIXMLFactory:65 - using default POIXMLDocumentPart for http://schemas.openxmlformats.org/officeDocument/2006/relationships/printerSettings
2024-09-17 19:06:09 DEBUG POIXMLFactory:65 - using default POIXMLDocumentPart for http://schemas.openxmlformats.org/officeDocument/2006/relationships/printerSettings
2024-09-17 19:06:09 DEBUG PackageRelationshipCollection:309 - Parsing relationship: /xl/_rels/workbook.xml.rels
2024-09-17 19:06:09 DEBUG PackageRelationshipCollection:309 - Parsing relationship: /xl/worksheets/_rels/sheet1.xml.rels
2024-09-17 19:06:09 DEBUG PackageRelationshipCollection:309 - Parsing relationship: /xl/worksheets/_rels/sheet2.xml.rels
2024-09-17 19:06:09 DEBUG PackageRelationshipCollection:309 - Parsing relationship: /_rels/.rels
2024-09-17 19:06:10 DEBUG POIXMLFactory:65 - using default POIXMLDocumentPart for http://schemas.openxmlformats.org/officeDocument/2006/relationships/printerSettings
2024-09-17 19:06:10 DEBUG POIXMLFactory:65 - using default POIXMLDocumentPart for http://schemas.openxmlformats.org/officeDocument/2006/relationships/printerSettings
2024-09-17 19:06:10 DEBUG PackageRelationshipCollection:309 - Parsing relationship: /xl/_rels/workbook.xml.rels
2024-09-17 19:06:10 DEBUG PackageRelationshipCollection:309 - Parsing relationship: /xl/worksheets/_rels/sheet1.xml.rels
2024-09-17 19:06:10 DEBUG PackageRelationshipCollection:309 - Parsing relationship: /xl/worksheets/_rels/sheet2.xml.rels
2024-09-17 19:06:10 DEBUG PackageRelationshipCollection:309 - Parsing relationship: /_rels/.rels
2024-09-17 19:06:10 DEBUG POIXMLFactory:65 - using default POIXMLDocumentPart for http://schemas.openxmlformats.org/officeDocument/2006/relationships/printerSettings
2024-09-17 19:06:10 DEBUG POIXMLFactory:65 - using default POIXMLDocumentPart for http://schemas.openxmlformats.org/officeDocument/2006/relationships/printerSettings
2024-09-17 19:06:10 DEBUG PackageRelationshipCollection:309 - Parsing relationship: /xl/_rels/workbook.xml.rels
2024-09-17 19:06:10 DEBUG PackageRelationshipCollection:309 - Parsing relationship: /xl/worksheets/_rels/sheet1.xml.rels
2024-09-17 19:06:10 DEBUG PackageRelationshipCollection:309 - Parsing relationship: /xl/worksheets/_rels/sheet2.xml.rels
2024-09-17 19:06:10 DEBUG PackageRelationshipCollection:309 - Parsing relationship: /_rels/.rels
2024-09-17 19:06:10 DEBUG POIXMLFactory:65 - using default POIXMLDocumentPart for http://schemas.openxmlformats.org/officeDocument/2006/relationships/printerSettings
2024-09-17 19:06:10 DEBUG POIXMLFactory:65 - using default POIXMLDocumentPart for http://schemas.openxmlformats.org/officeDocument/2006/relationships/printerSettings
2024-09-17 19:06:10 DEBUG PackageRelationshipCollection:309 - Parsing relationship: /xl/_rels/workbook.xml.rels
2024-09-17 19:06:10 DEBUG PackageRelationshipCollection:309 - Parsing relationship: /xl/worksheets/_rels/sheet1.xml.rels
2024-09-17 19:06:10 DEBUG PackageRelationshipCollection:309 - Parsing relationship: /xl/worksheets/_rels/sheet2.xml.rels
2024-09-17 19:06:10 DEBUG PackageRelationshipCollection:309 - Parsing relationship: /_rels/.rels
2024-09-17 19:06:10 DEBUG POIXMLFactory:65 - using default POIXMLDocumentPart for http://schemas.openxmlformats.org/officeDocument/2006/relationships/printerSettings
2024-09-17 19:06:10 DEBUG POIXMLFactory:65 - using default POIXMLDocumentPart for http://schemas.openxmlformats.org/officeDocument/2006/relationships/printerSettings
2024-09-17 19:06:16 INFO  Log:19 - url entered in browser
2024-09-17 19:06:23 INFO  Log:11 - --------verifyLogin TEST START----------
2024-09-17 19:06:26 INFO  Log:19 - User is entering login credentials
2024-09-17 19:06:29 INFO  Log:19 - System get current URL
2024-09-17 19:06:29 INFO  Log:19 - System compare expected and actual URL
2024-09-17 19:06:29 INFO  Log:15 - ----------verifyLogin TEST END --------------
2024-09-17 19:06:29 INFO  Log:19 - Browser is clossing
2024-09-17 19:06:34 INFO  Log:19 - url entered in browser
2024-09-17 19:06:40 INFO  Log:11 - --------verifyLogin TEST START----------
2024-09-17 19:06:43 INFO  Log:19 - User is entering login credentials
2024-09-17 19:06:45 INFO  Log:19 - System get current URL
2024-09-17 19:06:45 INFO  Log:19 - System compare expected and actual URL
2024-09-17 19:06:45 ERROR Log:27 - Error occured in executionjava.lang.AssertionError: expected [https://opensource-demo.orangehrmlive.com/web/index.php/dashboard/index] but found [https://opensource-demo.orangehrmlive.com/web/index.php/auth/login]
2024-09-17 19:06:45 INFO  Log:15 - ----------verifyLogin TEST END --------------
2024-09-17 19:06:45 INFO  Log:19 - Browser is clossing
2024-09-17 19:06:50 INFO  Log:19 - url entered in browser
2024-09-17 19:06:56 INFO  Log:11 - --------verifyLogin TEST START----------
2024-09-17 19:06:59 INFO  Log:19 - User is entering login credentials
2024-09-17 19:07:00 INFO  Log:19 - System get current URL
2024-09-17 19:07:00 INFO  Log:19 - System compare expected and actual URL
2024-09-17 19:07:00 ERROR Log:27 - Error occured in executionjava.lang.AssertionError: expected [https://opensource-demo.orangehrmlive.com/web/index.php/dashboard/index] but found [https://opensource-demo.orangehrmlive.com/web/index.php/auth/login]
2024-09-17 19:07:00 INFO  Log:15 - ----------verifyLogin TEST END --------------
2024-09-17 19:07:00 INFO  Log:19 - Browser is clossing
2024-09-17 19:36:53 INFO  Log:19 - url entered in browser
2024-09-17 19:37:01 INFO  Log:11 - --------verifyLogin TEST START----------
2024-09-17 19:37:04 INFO  Log:19 - User is entering login credentials
2024-09-17 19:37:07 INFO  Log:19 - System get current URL
2024-09-17 19:37:07 INFO  Log:19 - System compare expected and actual URL
2024-09-17 19:37:07 INFO  Log:15 - ----------verifyLogin TEST END --------------
2024-09-17 19:37:07 INFO  Log:19 - Browser is clossing
2024-09-17 19:37:12 INFO  Log:19 - url entered in browser
2024-09-17 19:38:36 INFO  Log:19 - url entered in browser
2024-09-17 19:38:42 INFO  Log:11 - --------verifyLogin TEST START----------
2024-09-17 19:38:45 INFO  Log:19 - User is entering login credentials
2024-09-17 19:38:49 INFO  Log:19 - System get current URL
2024-09-17 19:38:49 INFO  Log:19 - System compare expected and actual URL
2024-09-17 19:38:49 INFO  Log:15 - ----------verifyLogin TEST END --------------
2024-09-17 19:38:52 INFO  Log:19 - Browser is clossing
2024-09-17 19:38:57 INFO  Log:19 - url entered in browser
2024-09-17 19:39:05 INFO  Log:11 - --------verifyLogin TEST START----------
2024-09-17 19:39:08 INFO  Log:19 - User is entering login credentials
2024-09-17 19:39:11 INFO  Log:19 - System get current URL
2024-09-17 19:39:11 INFO  Log:19 - System compare expected and actual URL
2024-09-17 19:39:11 INFO  Log:15 - ----------verifyLogin TEST END --------------
2024-09-17 19:39:15 INFO  Log:19 - Browser is clossing
2024-09-17 19:39:19 INFO  Log:19 - url entered in browser
2024-09-17 19:39:25 INFO  Log:11 - --------verifyLogin TEST START----------
2024-09-17 19:39:28 INFO  Log:19 - User is entering login credentials
2024-09-17 19:39:29 INFO  Log:19 - System get current URL
2024-09-17 19:39:29 INFO  Log:19 - System compare expected and actual URL
2024-09-17 19:39:53 INFO  Log:19 - Browser is clossing
2024-09-18 17:20:28 INFO  Log:19 - url entered in browser
2024-09-18 17:20:33 INFO  Log:11 - --------addEmpWithLoginDetails TEST START----------
2024-09-18 17:20:34 INFO  Log:19 - User entering credentials to login
2024-09-18 17:20:38 INFO  Log:19 - User Navigating on PIM page
2024-09-18 17:20:40 INFO  Log:19 - Clicking on Add button to add new employee
2024-09-18 17:20:43 INFO  Log:19 - Entering employee full name
2024-09-18 17:20:44 INFO  Log:19 - Uploading employee profile photo
2024-09-18 17:20:48 INFO  Log:19 - Switching Login details and entering details
2024-09-18 17:20:51 INFO  Log:19 - Verify success message to confirm employee added
2024-09-18 17:21:04 INFO  Log:19 - Browser is clossing
2024-09-18 17:21:09 INFO  Log:19 - url entered in browser
2024-09-18 17:25:05 INFO  Log:19 - url entered in browser
2024-09-18 17:25:20 INFO  Log:11 - --------addEmpWithLoginDetails TEST START----------
2024-09-18 17:25:20 INFO  Log:19 - User entering credentials to login
2024-09-18 17:25:25 INFO  Log:19 - User Navigating on PIM page
2024-09-18 17:25:29 INFO  Log:19 - Clicking on Add button to add new employee
2024-09-18 17:25:31 INFO  Log:19 - Entering employee full name
2024-09-18 17:25:33 INFO  Log:19 - Uploading employee profile photo
2024-09-18 17:25:35 INFO  Log:19 - Switching Login details and entering details
2024-09-18 17:25:38 INFO  Log:19 - Verify success message to confirm employee added
2024-09-18 17:25:41 INFO  Log:19 - Validate employee ID already exist or not
2024-09-18 17:25:52 INFO  Log:15 - ----------addEmpWithLoginDetails TEST END --------------
2024-09-18 17:25:55 INFO  Log:19 - Browser is clossing
2024-09-18 17:25:59 INFO  Log:19 - url entered in browser
2024-09-18 17:26:10 INFO  Log:11 - --------addEmpWithLoginDetails TEST START----------
2024-09-18 17:26:10 INFO  Log:19 - User entering credentials to login
2024-09-18 17:26:13 INFO  Log:19 - User Navigating on PIM page
2024-09-18 17:26:16 INFO  Log:19 - Clicking on Add button to add new employee
2024-09-18 17:26:17 INFO  Log:19 - Entering employee full name
2024-09-18 17:26:19 INFO  Log:19 - Uploading employee profile photo
2024-09-18 17:26:22 INFO  Log:19 - Switching Login details and entering details
2024-09-18 17:26:24 INFO  Log:19 - Verify success message to confirm employee added
2024-09-18 17:26:37 INFO  Log:19 - Browser is clossing
2024-09-18 17:26:42 INFO  Log:19 - url entered in browser
2024-09-18 17:26:50 INFO  Log:11 - --------validateInvalidFileType TEST START----------
2024-09-18 17:26:50 INFO  Log:19 - User entering credentials to login
2024-09-18 17:26:52 INFO  Log:19 - User Navigating on PIM page
2024-09-18 17:27:01 INFO  Log:19 - Uploading employee profile photo
2024-09-18 17:27:06 INFO  Log:19 - Validating photo type
2024-09-18 17:27:06 INFO  Log:15 - ----------validateInvalidFileType TEST END --------------
2024-09-18 17:27:09 INFO  Log:19 - Browser is clossing
2024-09-18 17:30:18 INFO  Log:19 - url entered in browser
2024-09-18 17:30:24 INFO  Log:11 - --------addEmpWithLoginDetails TEST START----------
2024-09-18 17:30:24 INFO  Log:19 - User entering credentials to login
2024-09-18 17:30:28 INFO  Log:19 - User Navigating on PIM page
2024-09-18 17:30:30 INFO  Log:19 - Clicking on Add button to add new employee
2024-09-18 17:30:32 INFO  Log:19 - Entering employee full name
2024-09-18 17:30:34 INFO  Log:19 - Uploading employee profile photo
2024-09-18 17:30:37 INFO  Log:19 - Switching Login details and entering details
2024-09-18 17:30:39 INFO  Log:19 - Verify success message to confirm employee added
2024-09-18 17:30:52 INFO  Log:19 - Browser is clossing
2024-09-18 17:30:57 INFO  Log:19 - url entered in browser
2024-09-18 17:31:07 INFO  Log:11 - --------addEmpWithLoginDetails TEST START----------
2024-09-18 17:31:07 INFO  Log:19 - User entering credentials to login
2024-09-18 17:31:10 INFO  Log:19 - User Navigating on PIM page
2024-09-18 17:31:12 INFO  Log:19 - Clicking on Add button to add new employee
2024-09-18 17:31:14 INFO  Log:19 - Entering employee full name
2024-09-18 17:31:16 INFO  Log:19 - Uploading employee profile photo
2024-09-18 17:31:19 INFO  Log:19 - Switching Login details and entering details
2024-09-18 17:31:21 INFO  Log:19 - Verify success message to confirm employee added
2024-09-18 17:31:35 INFO  Log:19 - Browser is clossing
2024-09-18 17:31:40 INFO  Log:19 - url entered in browser
2024-09-18 17:31:46 INFO  Log:11 - --------validateInvalidFileType TEST START----------
2024-09-18 17:31:46 INFO  Log:19 - User entering credentials to login
2024-09-18 17:31:49 INFO  Log:19 - User Navigating on PIM page
2024-09-18 17:31:55 INFO  Log:19 - Uploading employee profile photo
2024-09-18 17:31:59 INFO  Log:19 - Validating photo type
2024-09-18 17:32:00 INFO  Log:15 - ----------validateInvalidFileType TEST END --------------
2024-09-18 17:32:03 INFO  Log:19 - Browser is clossing
2024-09-25 17:24:54 INFO  Log:19 - url entered in browser
2024-09-25 17:25:10 INFO  Log:19 - url entered in browser
2024-09-25 17:25:36 INFO  Log:19 - url entered in browser
2024-09-25 17:29:10 WARN  OPCPackage:450 - Unable to call close() on a package that hasn't been fully opened yet
2024-09-25 17:29:14 INFO  Log:19 - url entered in browser
2024-09-25 17:29:20 INFO  Log:19 - url entered in browser
2024-09-25 17:29:22 INFO  Log:11 - --------addEmpWithoutLoginDetails TEST START----------
2024-09-25 17:29:22 INFO  Log:19 - User entering credentials to login
2024-09-25 17:29:34 INFO  Log:19 - User Navigating on PIM page
2024-09-25 17:29:36 INFO  Log:19 - Browser is clossing
2024-09-25 17:29:41 INFO  Log:19 - url entered in browser
2024-09-25 17:29:41 INFO  Log:19 - Browser is clossing
2024-09-25 17:29:54 INFO  Log:19 - url entered in browser
2024-09-25 17:30:02 INFO  Log:11 - --------countQuickLaunchOptions TEST START----------
2024-09-25 17:30:02 INFO  Log:19 - User entering credentials to login
2024-09-25 17:30:06 INFO  Log:19 - Counting Quick Launch
2024-09-25 17:30:07 INFO  Log:15 - ----------countQuickLaunchOptions TEST END --------------
2024-09-25 17:30:11 INFO  Log:19 - Browser is clossing
2024-09-25 17:30:15 INFO  Log:19 - url entered in browser
2024-09-25 17:30:20 INFO  Log:11 - --------listQuickLaunchOptions TEST START----------
2024-09-25 17:30:20 INFO  Log:19 - User entering credentials to login
2024-09-25 17:30:24 INFO  Log:19 - Showing Quick Launch List
2024-09-25 17:30:26 INFO  Log:15 - ----------listQuickLaunchOptions TEST END --------------
2024-09-25 17:30:29 INFO  Log:19 - Browser is clossing
2024-09-25 17:30:33 INFO  Log:19 - url entered in browser
2024-09-25 17:30:42 INFO  Log:11 - --------navigateToPIM TEST START----------
2024-09-25 17:30:42 INFO  Log:19 - User entering credentials to login
2024-09-25 17:30:46 INFO  Log:19 - User Navigating on PIM page
2024-09-25 17:30:48 INFO  Log:19 - Verify systen navigate on Employee List page
2024-09-25 17:30:48 INFO  Log:15 - ----------navigateToPIM TEST END --------------
2024-09-25 17:30:51 INFO  Log:19 - Browser is clossing
2024-09-25 17:30:55 INFO  Log:19 - url entered in browser
2024-09-25 17:31:01 INFO  Log:11 - --------quickLaunchIconDisplay TEST START----------
2024-09-25 17:31:01 INFO  Log:19 - User entering credentials to login
2024-09-25 17:31:05 INFO  Log:19 - Verifying Quick Launch Vailable or not
2024-09-25 17:31:06 INFO  Log:15 - ----------quickLaunchIconDisplay TEST END --------------
2024-09-25 17:31:09 INFO  Log:19 - Browser is clossing
2024-09-25 17:31:13 INFO  Log:19 - url entered in browser
2024-09-25 17:31:20 INFO  Log:11 - --------addEmpWithLoginDetails TEST START----------
2024-09-25 17:31:20 INFO  Log:19 - User entering credentials to login
2024-09-25 17:31:23 INFO  Log:19 - User Navigating on PIM page
2024-09-25 17:31:26 INFO  Log:19 - Clicking on Add button to add new employee
2024-09-25 17:31:28 INFO  Log:19 - Entering employee full name
2024-09-25 17:31:30 INFO  Log:19 - Uploading employee profile photo
2024-09-25 17:31:33 INFO  Log:19 - Switching Login details and entering details
2024-09-25 17:31:36 INFO  Log:19 - Verify success message to confirm employee added
2024-09-25 17:31:39 INFO  Log:19 - Validate employee ID already exist or not
2024-09-25 17:31:49 INFO  Log:15 - ----------addEmpWithLoginDetails TEST END --------------
2024-09-25 17:31:52 INFO  Log:19 - Browser is clossing
2024-09-25 17:31:57 INFO  Log:19 - url entered in browser
2024-09-25 17:32:05 INFO  Log:11 - --------addEmpWithLoginDetails TEST START----------
2024-09-25 17:32:05 INFO  Log:19 - User entering credentials to login
2024-09-25 17:32:09 INFO  Log:19 - User Navigating on PIM page
2024-09-25 17:32:11 INFO  Log:19 - Clicking on Add button to add new employee
2024-09-25 17:32:13 INFO  Log:19 - Entering employee full name
2024-09-25 17:32:14 INFO  Log:19 - Uploading employee profile photo
2024-09-25 17:32:17 INFO  Log:19 - Switching Login details and entering details
2024-09-25 17:32:20 INFO  Log:19 - Verify success message to confirm employee added
2024-09-25 17:32:33 INFO  Log:19 - Browser is clossing
2024-09-25 17:32:37 INFO  Log:19 - url entered in browser
2024-09-25 17:32:44 INFO  Log:11 - --------addEmpWithoutLoginDetails TEST START----------
2024-09-25 17:32:44 INFO  Log:19 - User entering credentials to login
2024-09-25 17:32:47 INFO  Log:19 - User Navigating on PIM page
2024-09-25 17:32:49 INFO  Log:19 - Clicking on Add button to add new employee
2024-09-25 17:32:51 INFO  Log:19 - Entering employee full name
2024-09-25 17:32:53 INFO  Log:19 - Uploading employee profile photo
2024-09-25 17:32:58 INFO  Log:19 - Browser is clossing
2024-09-25 17:33:02 INFO  Log:19 - url entered in browser
2024-09-25 17:33:09 INFO  Log:11 - --------cancelAddEmployee TEST START----------
2024-09-25 17:33:09 INFO  Log:19 - User entering credentials to login
2024-09-25 17:33:12 INFO  Log:19 - User Navigating on PIM page
2024-09-25 17:33:15 INFO  Log:19 - Clicking Add button to add employee
2024-09-25 17:33:18 INFO  Log:19 - Clicking Cancel button to cancel add employee operation
2024-09-25 17:33:19 INFO  Log:19 - Validating after cancel opration it redirected on Employee List page
2024-09-25 17:33:19 INFO  Log:15 - ----------cancelAddEmployee TEST END --------------
2024-09-25 17:33:22 INFO  Log:19 - Browser is clossing
2024-09-25 17:33:26 INFO  Log:19 - url entered in browser
2024-09-25 17:33:33 INFO  Log:11 - --------validateInvalidFileType TEST START----------
2024-09-25 17:33:33 INFO  Log:19 - User entering credentials to login
2024-09-25 17:33:36 INFO  Log:19 - User Navigating on PIM page
2024-09-25 17:33:42 INFO  Log:19 - Uploading employee profile photo
2024-09-25 17:33:47 INFO  Log:19 - Validating photo type
2024-09-25 17:33:47 INFO  Log:15 - ----------validateInvalidFileType TEST END --------------
2024-09-25 17:33:50 INFO  Log:19 - Browser is clossing
2024-09-25 17:33:54 INFO  Log:19 - url entered in browser
2024-09-25 17:34:04 INFO  Log:19 - validateLargeFileValidation
2024-09-25 17:34:04 INFO  Log:19 - User entering credentials to login
2024-09-25 17:34:08 INFO  Log:19 - User Navigating on PIM page
2024-09-25 17:34:14 INFO  Log:19 - Uploading employee profile photo
2024-09-25 17:34:19 INFO  Log:19 - Browser is clossing
2024-09-25 17:34:24 INFO  Log:19 - url entered in browser
2024-09-25 17:34:33 INFO  Log:11 - --------addEmployee TEST START----------
2024-09-25 17:34:33 INFO  Log:19 - User entering credentials to login
2024-09-25 17:34:36 INFO  Log:19 - Navigate on PIM page
2024-09-25 17:34:41 INFO  Log:15 - ----------addEmployee TEST END --------------
2024-09-25 17:34:44 INFO  Log:19 - Browser is clossing
2024-09-25 17:34:48 INFO  Log:19 - url entered in browser
2024-09-25 17:34:54 INFO  Log:11 - --------editEmployee TEST START----------
2024-09-25 17:34:54 INFO  Log:19 - User entering credentials to login
2024-09-25 17:34:58 INFO  Log:19 - Navigate on PIM page
2024-09-25 17:35:09 INFO  Log:19 - Browser is clossing
2024-09-25 17:35:12 INFO  Log:19 - url entered in browser
2024-09-25 17:35:21 INFO  Log:11 - --------empSearchByStatus TEST START----------
2024-09-25 17:35:21 INFO  Log:19 - User entering credentials to login
2024-09-25 17:35:24 INFO  Log:19 - Navigate on PIM page
2024-09-25 17:35:30 INFO  Log:19 - Validating Entered selected option
2024-09-25 17:35:30 INFO  Log:15 - ----------empSearchByStatus TEST END --------------
2024-09-25 17:35:33 INFO  Log:19 - Browser is clossing
2024-09-25 17:35:37 INFO  Log:19 - url entered in browser
2024-09-25 17:35:45 INFO  Log:11 - --------verifyEmployeeDelete TEST START----------
2024-09-25 17:35:45 INFO  Log:19 - User entering credentials to login
2024-09-25 17:35:48 INFO  Log:19 - Navigate on PIM page
2024-09-25 17:36:00 INFO  Log:15 - ----------verifyEmployeeDelete TEST END --------------
2024-09-25 17:36:03 INFO  Log:19 - Browser is clossing
2024-09-25 17:36:07 INFO  Log:19 - url entered in browser
2024-09-25 17:36:13 INFO  Log:11 - --------verifyNameInTable TEST START----------
2024-09-25 17:36:13 INFO  Log:19 - User entering credentials to login
2024-09-25 17:36:17 INFO  Log:19 - Navigate on PIM page
2024-09-25 17:36:23 INFO  Log:15 - ----------verifyNameInTable TEST END --------------
2024-09-25 17:36:26 INFO  Log:19 - Browser is clossing
2024-09-25 17:36:30 INFO  Log:19 - url entered in browser
2024-09-25 17:36:39 INFO  Log:11 - --------verifyNoOfRowsEqualsTabMessage TEST START----------
2024-09-25 17:36:39 INFO  Log:19 - User entering credentials to login
2024-09-25 17:36:41 INFO  Log:19 - Navigate on PIM page
2024-09-25 17:36:45 INFO  Log:19 - Entering Employee Name
2024-09-25 17:36:49 INFO  Log:19 - Extracting number from string
2024-09-25 17:36:51 INFO  Log:15 - ----------verifyNoOfRowsEqualsTabMessage TEST END --------------
2024-09-25 17:36:54 INFO  Log:19 - Browser is clossing
2024-09-25 17:36:59 INFO  Log:19 - url entered in browser
2024-09-25 17:37:07 INFO  Log:11 - --------verifyResetAll TEST START----------
2024-09-25 17:37:07 INFO  Log:19 - User entering credentials to login
2024-09-25 17:37:11 INFO  Log:19 - Navigate on PIM page
2024-09-25 17:37:13 INFO  Log:19 - User Name Enter
2024-09-25 17:37:17 INFO  Log:19 - Clicking on Reset button
2024-09-25 17:37:18 INFO  Log:19 - Verify Name field is clear
2024-09-25 17:37:18 INFO  Log:15 - ----------verifyResetAll TEST END --------------
2024-09-25 17:37:21 INFO  Log:19 - Browser is clossing
2024-09-25 17:37:25 INFO  Log:19 - url entered in browser
2024-09-25 17:37:33 INFO  Log:11 - --------verifyTableMsgSearchByID TEST START----------
2024-09-25 17:37:33 INFO  Log:19 - User entering credentials to login
2024-09-25 17:37:36 INFO  Log:19 - Navigate on PIM page
2024-09-25 17:37:40 INFO  Log:19 - Entering Employee ID
2024-09-25 17:37:42 INFO  Log:19 - Validating Entered value present in field
2024-09-25 17:37:42 INFO  Log:15 - ----------verifyTableMsgSearchByID TEST END --------------
2024-09-25 17:37:45 INFO  Log:19 - Browser is clossing
2024-09-25 17:37:49 INFO  Log:19 - url entered in browser
2024-09-25 17:37:56 INFO  Log:11 - --------verifyTableMsgSearchByName TEST START----------
2024-09-25 17:37:56 INFO  Log:19 - User entering credentials to login
2024-09-25 17:38:00 INFO  Log:19 - Navigate on PIM page
2024-09-25 17:38:02 INFO  Log:19 - Enter data in Name field
2024-09-25 17:38:03 INFO  Log:19 - Validate value present in Name field
2024-09-25 17:38:05 INFO  Log:19 - Validating Table message
2024-09-25 17:38:05 INFO  Log:15 - ----------verifyTableMsgSearchByName TEST END --------------
2024-09-25 17:38:08 INFO  Log:19 - Browser is clossing
2024-09-25 17:38:12 INFO  Log:19 - url entered in browser
2024-09-25 17:38:18 INFO  Log:11 - --------forgotPassword TEST START----------
2024-09-25 17:38:23 INFO  Log:19 - Clicking on Forgot Password Link
2024-09-25 17:38:23 INFO  Log:19 - Verify forgot Link available or not
2024-09-25 17:38:23 INFO  Log:15 - ----------forgotPassword TEST END --------------
2024-09-25 17:38:26 INFO  Log:19 - Browser is clossing
2024-09-25 17:38:31 INFO  Log:19 - url entered in browser
2024-09-25 17:38:38 INFO  Log:11 - --------verifyLogin TEST START----------
2024-09-25 17:38:41 INFO  Log:19 - User is entering login credentials
2024-09-25 17:38:45 INFO  Log:19 - System get current URL
2024-09-25 17:38:45 INFO  Log:19 - System compare expected and actual URL
2024-09-25 17:38:45 INFO  Log:15 - ----------verifyLogin TEST END --------------
2024-09-25 17:38:48 INFO  Log:19 - Browser is clossing
2024-09-25 17:38:52 INFO  Log:19 - url entered in browser
2024-09-25 17:38:59 INFO  Log:11 - --------verifyLogin TEST START----------
2024-09-25 17:39:02 INFO  Log:19 - User is entering login credentials
2024-09-25 17:39:03 INFO  Log:19 - System get current URL
2024-09-25 17:39:05 INFO  Log:19 - System compare expected and actual URL
2024-09-25 17:39:05 INFO  Log:15 - ----------verifyLogin TEST END --------------
2024-09-25 17:39:08 INFO  Log:19 - Browser is clossing
2024-09-25 17:39:13 INFO  Log:19 - url entered in browser
2024-09-25 17:39:19 INFO  Log:11 - --------verifyLogin TEST START----------
2024-09-25 17:39:22 INFO  Log:19 - User is entering login credentials
2024-09-25 17:39:23 INFO  Log:19 - System get current URL
2024-09-25 17:39:23 INFO  Log:19 - System compare expected and actual URL
2024-09-25 17:39:46 INFO  Log:19 - Browser is clossing
2024-09-25 17:39:50 INFO  Log:19 - url entered in browser
2024-09-25 17:39:57 INFO  Log:11 - --------verifyResetPassword TEST START----------
2024-09-25 17:40:02 INFO  Log:19 - Clicking on Forgot password link
2024-09-25 17:40:03 INFO  Log:19 - Verify reset password page open
2024-09-25 17:40:03 INFO  Log:15 - ----------verifyResetPassword TEST END --------------
2024-09-25 17:40:06 INFO  Log:19 - Browser is clossing
2024-09-25 17:47:16 INFO  Log:19 - url entered in browser
2024-09-25 17:47:21 INFO  Log:11 - --------countQuickLaunchOptions TEST START----------
2024-09-25 17:47:22 INFO  Log:19 - User entering credentials to login
2024-09-25 17:47:25 INFO  Log:19 - Counting Quick Launch
2024-09-25 17:47:27 INFO  Log:15 - ----------countQuickLaunchOptions TEST END --------------
2024-09-25 17:47:31 INFO  Log:19 - url entered in browser
2024-09-25 17:47:52 INFO  Log:11 - --------quickLaunchIconDisplay TEST START----------
2024-09-25 17:47:52 INFO  Log:19 - User entering credentials to login
2024-09-25 17:47:56 INFO  Log:19 - Verifying Quick Launch Vailable or not
2024-09-25 17:47:57 INFO  Log:15 - ----------quickLaunchIconDisplay TEST END --------------
2024-09-25 17:48:06 INFO  Log:19 - url entered in browser
2024-09-25 17:48:13 INFO  Log:11 - --------addEmpWithLoginDetails TEST START----------
2024-09-25 17:48:13 INFO  Log:19 - User entering credentials to login
2024-09-25 17:48:17 INFO  Log:19 - User Navigating on PIM page
2024-09-25 17:48:20 INFO  Log:19 - Clicking on Add button to add new employee
2024-09-25 17:48:22 INFO  Log:19 - Entering employee full name
2024-09-25 17:48:24 INFO  Log:19 - Uploading employee profile photo
2024-09-25 17:48:27 INFO  Log:19 - Switching Login details and entering details
2024-09-25 17:48:30 INFO  Log:19 - Verify success message to confirm employee added
2024-09-25 17:48:33 INFO  Log:19 - Validate employee ID already exist or not
2024-09-25 17:48:44 INFO  Log:15 - ----------addEmpWithLoginDetails TEST END --------------
2024-09-25 17:48:47 INFO  Log:19 - url entered in browser
2024-09-25 17:48:57 INFO  Log:11 - --------addEmpWithLoginDetails TEST START----------
2024-09-25 17:48:57 INFO  Log:19 - User entering credentials to login
2024-09-25 17:49:01 INFO  Log:19 - User Navigating on PIM page
2024-09-25 17:49:05 INFO  Log:19 - Clicking on Add button to add new employee
2024-09-25 17:49:08 INFO  Log:19 - Entering employee full name
2024-09-25 17:49:11 INFO  Log:19 - Uploading employee profile photo
2024-09-25 17:49:13 INFO  Log:19 - Switching Login details and entering details
2024-09-25 17:49:16 INFO  Log:19 - Verify success message to confirm employee added
2024-09-25 17:49:31 INFO  Log:19 - url entered in browser
2024-09-25 17:49:41 INFO  Log:11 - --------addEmpWithoutLoginDetails TEST START----------
2024-09-25 17:49:41 INFO  Log:19 - User entering credentials to login
2024-09-25 17:49:47 INFO  Log:19 - User Navigating on PIM page
2024-09-25 17:49:50 INFO  Log:19 - Clicking on Add button to add new employee
2024-09-25 17:49:52 INFO  Log:19 - Entering employee full name
2024-09-25 17:49:54 INFO  Log:19 - Uploading employee profile photo
2024-09-25 17:50:01 INFO  Log:19 - url entered in browser
2024-09-25 17:50:09 INFO  Log:11 - --------validateInvalidFileType TEST START----------
2024-09-25 17:50:09 INFO  Log:19 - User entering credentials to login
2024-09-25 17:50:13 INFO  Log:19 - User Navigating on PIM page
2024-09-25 17:50:20 INFO  Log:19 - Uploading employee profile photo
2024-09-25 17:50:25 INFO  Log:19 - Validating photo type
2024-09-25 17:50:25 INFO  Log:15 - ----------validateInvalidFileType TEST END --------------
2024-09-25 17:50:29 INFO  Log:19 - url entered in browser
2024-09-25 17:50:57 INFO  Log:11 - --------editEmployee TEST START----------
2024-09-25 17:50:57 INFO  Log:19 - User entering credentials to login
2024-09-25 17:51:04 INFO  Log:19 - Navigate on PIM page
2024-09-25 17:51:21 INFO  Log:19 - url entered in browser
2024-09-25 17:51:50 INFO  Log:11 - --------verifyNoOfRowsEqualsTabMessage TEST START----------
2024-09-25 17:51:50 INFO  Log:19 - User entering credentials to login
2024-09-25 17:51:53 INFO  Log:19 - Navigate on PIM page
2024-09-25 17:51:57 INFO  Log:19 - Entering Employee Name
2024-09-25 17:52:00 INFO  Log:19 - Extracting number from string
2024-09-25 17:52:02 INFO  Log:15 - ----------verifyNoOfRowsEqualsTabMessage TEST END --------------
2024-09-25 17:52:09 INFO  Log:19 - url entered in browser
2024-09-25 17:52:21 INFO  Log:11 - --------verifyLogin TEST START----------
2024-09-25 17:52:24 INFO  Log:19 - User is entering login credentials
2024-09-25 17:52:27 INFO  Log:19 - System get current URL
2024-09-25 17:52:27 INFO  Log:19 - System compare expected and actual URL
2024-09-25 17:52:27 INFO  Log:15 - ----------verifyLogin TEST END --------------
2024-09-25 17:52:34 INFO  Log:19 - url entered in browser
2024-09-25 17:52:45 INFO  Log:11 - --------verifyLogin TEST START----------
2024-09-25 17:52:48 INFO  Log:19 - User is entering login credentials
2024-09-25 17:52:53 INFO  Log:19 - System get current URL
2024-09-25 17:52:53 INFO  Log:19 - System compare expected and actual URL
2024-09-25 17:52:53 INFO  Log:15 - ----------verifyLogin TEST END --------------
2024-09-25 17:52:59 INFO  Log:19 - url entered in browser
2024-09-25 17:53:08 INFO  Log:11 - --------verifyLogin TEST START----------
2024-09-25 17:53:12 INFO  Log:19 - User is entering login credentials
2024-09-25 17:53:13 INFO  Log:19 - System get current URL
2024-09-25 17:53:13 INFO  Log:19 - System compare expected and actual URL
